<?xml version="1.0" encoding="UTF-8"?>
<!-- Generated by org.testng.reporters.JUnitReportReporter -->
<testsuite hostname="dega-PC" failures="0" tests="1" name="Telstra_coding_exercise.Telstra_coding_exercise_flipkart.Flipkart_homepage_test" time="18.076" errors="0" timestamp="04 Jul 2019 19:11:07 GMT" skipped="0">
  <testcase classname="Telstra_coding_exercise.Telstra_coding_exercise_flipkart.Flipkart_homepage_test" name="login" time="18.076"/>
</testsuite> <!-- Telstra_coding_exercise.Telstra_coding_exercise_flipkart.Flipkart_homepage_test -->
