<?xml version="1.0" encoding="UTF-8"?>
<!-- Generated by org.testng.reporters.JUnitReportReporter -->
<testsuite hostname="dega-PC" failures="0" tests="1" name="Telstra_coding_exercise.Telstra_coding_exercise_flipkart.Flipkart_homepage_test" time="31.170" errors="0" timestamp="11 Jul 2019 06:39:14 GMT" skipped="0">
  <testcase classname="Telstra_coding_exercise.Telstra_coding_exercise_flipkart.Flipkart_homepage_test" name="login" time="31.170"/>
</testsuite> <!-- Telstra_coding_exercise.Telstra_coding_exercise_flipkart.Flipkart_homepage_test -->
