<?xml version="1.0" encoding="UTF-8"?>
<!-- Generated by org.testng.reporters.JUnitReportReporter -->
<testsuite hostname="dega-PC" failures="0" tests="1" name="Telstra_coding_exercise.Telstra_coding_exercise_flipkart.Flipkart_Add_To_Cart_Test" time="26.099" errors="0" timestamp="05 Jul 2019 03:50:35 GMT" skipped="0">
  <testcase classname="Telstra_coding_exercise.Telstra_coding_exercise_flipkart.Flipkart_Add_To_Cart_Test" name="login" time="26.099"/>
</testsuite> <!-- Telstra_coding_exercise.Telstra_coding_exercise_flipkart.Flipkart_Add_To_Cart_Test -->
